Mar-27 09:42:29.106 [main] INFO  com.askimed.nf.test.App - nf-test 0.8.4
Mar-27 09:42:29.122 [main] INFO  com.askimed.nf.test.App - Arguments: [test, main.nf.test]
Mar-27 09:42:30.582 [main] INFO  com.askimed.nf.test.App - Nextflow Version: 23.10.1
Mar-27 09:42:30.584 [main] INFO  com.askimed.nf.test.commands.RunTestsCommand - Load config from file /exports/sascstudent/vperinbanathan/nextflow_pipeline_testzone/test/Htseq_count/nf-test.config...
Mar-27 09:42:31.015 [main] INFO  com.askimed.nf.test.commands.RunTestsCommand - Detected 1 test files.
Mar-27 09:42:31.687 [main] WARN  com.askimed.nf.test.config.FileStaging - File '/exports/sascstudent/vperinbanathan/nextflow_pipeline_testzone/test/Htseq_count/bin' not found. Ignore it.
Mar-27 09:42:31.688 [main] WARN  com.askimed.nf.test.config.FileStaging - File '/exports/sascstudent/vperinbanathan/nextflow_pipeline_testzone/test/Htseq_count/lib' not found. Ignore it.
Mar-27 09:42:31.688 [main] WARN  com.askimed.nf.test.config.FileStaging - File '/exports/sascstudent/vperinbanathan/nextflow_pipeline_testzone/test/Htseq_count/assets' not found. Ignore it.
Mar-27 09:42:31.688 [main] DEBUG com.askimed.nf.test.core.AbstractTest - Stage 0 user provided files...
Mar-27 09:42:31.692 [main] INFO  com.askimed.nf.test.config.FileStaging - Create symlink '/exports/sascstudent/vperinbanathan/nextflow_pipeline_testzone/TEMP_DIR/tests/773460054a03060bd6146df400d1fc5f/meta/exports/sascstudent/vperinbanathan' --> '/exports/sascstudent/vperinbanathan'
Mar-27 09:42:31.699 [main] INFO  com.askimed.nf.test.core.TestExecutionEngine - Started test plan
Mar-27 09:42:31.699 [main] INFO  com.askimed.nf.test.core.TestExecutionEngine - Running testsuite 'Test worfklow with Htseqcount' from file '/exports/sascstudent/vperinbanathan/nextflow_pipeline_testzone/test/Htseq_count/main.nf.test'.
Mar-27 09:42:31.699 [main] INFO  com.askimed.nf.test.core.TestExecutionEngine - Run test '77346005: Corrolation of Collect column counts has to be higher than 99.9%'. type: com.askimed.nf.test.lang.workflow.WorkflowTest
Mar-27 19:58:24.342 [main] INFO  com.askimed.nf.test.core.TestExecutionEngine - Test '77346005: Corrolation of Collect column counts has to be higher than 99.9%' finished. status: FAILED
org.codehaus.groovy.runtime.powerassert.PowerAssertionError: assert output_corrolation > 99.9
       |                  |
       99.8184191400      false
	at org.codehaus.groovy.runtime.InvokerHelper.assertFailed(InvokerHelper.java:432)
	at org.codehaus.groovy.runtime.ScriptBytecodeAdapter.assertFailed(ScriptBytecodeAdapter.java:670)
	at main_nf$_run_closure1$_closure3$_closure5.doCall(main.nf.test:112)
	at main_nf$_run_closure1$_closure3$_closure5.doCall(main.nf.test)
	at java.base/jdk.internal.reflect.DirectMethodHandleAccessor.invoke(DirectMethodHandleAccessor.java:103)
	at java.base/java.lang.reflect.Method.invoke(Method.java:580)
	at org.codehaus.groovy.reflection.CachedMethod.invoke(CachedMethod.java:107)
	at groovy.lang.MetaMethod.doMethodInvoke(MetaMethod.java:323)
	at org.codehaus.groovy.runtime.metaclass.ClosureMetaClass.invokeMethod(ClosureMetaClass.java:274)
	at groovy.lang.MetaClassImpl.invokeMethod(MetaClassImpl.java:1030)
	at groovy.lang.Closure.call(Closure.java:427)
	at groovy.lang.Closure.call(Closure.java:406)
	at com.askimed.nf.test.lang.TestCode.execute(TestCode.java:16)
	at com.askimed.nf.test.lang.workflow.WorkflowTest.execute(WorkflowTest.java:176)
	at com.askimed.nf.test.core.TestExecutionEngine.execute(TestExecutionEngine.java:214)
	at com.askimed.nf.test.commands.RunTestsCommand.execute(RunTestsCommand.java:184)
	at com.askimed.nf.test.commands.AbstractCommand.call(AbstractCommand.java:43)
	at com.askimed.nf.test.commands.AbstractCommand.call(AbstractCommand.java:18)
	at picocli.CommandLine.executeUserObject(CommandLine.java:1953)
	at picocli.CommandLine.access$1300(CommandLine.java:145)
	at picocli.CommandLine$RunLast.executeUserObjectOfLastSubcommandWithSameParent(CommandLine.java:2352)
	at picocli.CommandLine$RunLast.handle(CommandLine.java:2346)
	at picocli.CommandLine$RunLast.handle(CommandLine.java:2311)
	at picocli.CommandLine$AbstractParseResultHandler.execute(CommandLine.java:2179)
	at picocli.CommandLine.execute(CommandLine.java:2078)
	at com.askimed.nf.test.App.run(App.java:44)
	at com.askimed.nf.test.App.main(App.java:51)
Mar-27 19:58:24.407 [main] INFO  com.askimed.nf.test.core.TestExecutionEngine - Testsuite 'Test worfklow with Htseqcount' finished. snapshot file: false, skipped tests: false, failed tests: true
Mar-27 19:58:24.407 [main] INFO  com.askimed.nf.test.core.TestExecutionEngine - Executed 1 tests. 1 tests failed. Done!
